<!DOCTYPE html PUBLIC "-//W3C//DTD XHTML 1.1//EN" "http://www.w3.org/TR/xhtml11/DTD/xhtml11.dtd">
<html xmlns="http://www.w3.org/1999/xhtml">
<head>
<meta http-equiv="content-type" content="text/html; charset=UTF-8"/>
<title>TestNG Report</title>
<style type="text/css">table {margin-bottom:10px;border-collapse:collapse;empty-cells:show}th,td {border:1px solid #009;padding:.25em .5em}th {vertical-align:bottom}td {vertical-align:top}table a {font-weight:bold}.stripe td {background-color: #E6EBF9}.num {text-align:right}.passedodd td {background-color: #3F3}.passedeven td {background-color: #0A0}.skippedodd td {background-color: #DDD}.skippedeven td {background-color: #CCC}.failedodd td,.attn {background-color: #F33}.failedeven td,.stripe .attn {background-color: #D00}.stacktrace {white-space:pre;font-family:monospace}.totop {font-size:85%;text-align:center;border-bottom:2px solid #000}.invisible {display:none}</style>
</head>
<body>
<table>
<tr><th>Test</th><th># Passed</th><th># Skipped</th><th># Failed</th><th>Time (ms)</th><th>Included Groups</th><th>Excluded Groups</th></tr>
<tr><th colspan="7">OrangeHRM Test suite</th></tr>
<tr><td><a href="#t0">Admin Login TestCase</a></td><td class="num">0</td><td class="num">0</td><td class="num">0</td><td class="num">571</td><td></td><td></td></tr>
<tr class="stripe"><td><a href="#t1">Employee Registration TestCase</a></td><td class="num">0</td><td class="num">0</td><td class="num attn">2</td><td class="num">5,710</td><td></td><td></td></tr>
<tr><th>Total</th><th class="num">0</th><th class="num">0</th><th class="num attn">2</th><th class="num">6,281</th><th colspan="2"></th></tr>
</table>
<table id='summary'><thead><tr><th>Class</th><th>Method</th><th>Start</th><th>Time (ms)</th></tr></thead><tbody><tr><th colspan="4">OrangeHRM Test suite</th></tr></tbody><tbody id="t0"><tr><th colspan="4" class="invisible"/></tr></tbody>
<tbody id="t1"><tr><th colspan="4">Employee Registration TestCase &#8212; failed</th></tr><tr class="failedeven"><td rowspan="2">testrunners.EmployeeRegTest</td><td><a href="#m0">runScenario</a></td><td rowspan="2">1719859062062</td><td rowspan="2">3030</td></tr><tr class="failedeven"><td><a href="#m1">runScenario</a></td></tr></tbody>
</table>
<h2>Admin Login TestCase</h2><h2>Employee Registration TestCase</h2><h3 id="m0">testrunners.EmployeeRegTest#runScenario</h3><table class="result"><tr class="param"><th>Parameter #1</th><th>Parameter #2</th></tr><tr class="param stripe"><td>&quot;New Employee Registration with VALID INPUTS&quot;</td><td>&quot;NEW EMPLOYEE REGISTRATION&quot;</td></tr><tr><th colspan="2">Exception</th></tr><tr><td colspan="2"><div class="stacktrace">org.openqa.selenium.SessionNotCreatedException: session not created: This version of ChromeDriver only supports Chrome version 119
Current browser version is 126.0.6478.127 with binary path C:\Program Files\Google\Chrome\Application\chrome.exe
Build info: version: &apos;3.141.59&apos;, revision: &apos;e82be7d358&apos;, time: &apos;2018-11-14T08:17:03&apos;
System info: host: &apos;MRBIJAYKUMAR&apos;, ip: &apos;192.168.1.44&apos;, os.name: &apos;Windows 10&apos;, os.arch: &apos;amd64&apos;, os.version: &apos;10.0&apos;, java.version: &apos;11.0.9&apos;
Driver info: driver.version: ChromeDriver
remote stacktrace: 	GetHandleVerifier [0x00007FF799AE82B2+55298]
	(No symbol) [0x00007FF799A55E02]
	(No symbol) [0x00007FF7999105AB]
	(No symbol) [0x00007FF799943E72]
	(No symbol) [0x00007FF7999432FE]
	(No symbol) [0x00007FF79993EC6C]
	(No symbol) [0x00007FF79993B30E]
	(No symbol) [0x00007FF79997A198]
	(No symbol) [0x00007FF799979CB0]
	(No symbol) [0x00007FF799971E83]
	(No symbol) [0x00007FF79994670A]
	(No symbol) [0x00007FF799947964]
	GetHandleVerifier [0x00007FF799E60AAB+3694587]
	GetHandleVerifier [0x00007FF799EB728E+4048862]
	GetHandleVerifier [0x00007FF799EAF173+4015811]
	GetHandleVerifier [0x00007FF799B847D6+695590]
	(No symbol) [0x00007FF799A60CE8]
	(No symbol) [0x00007FF799A5CF34]
	(No symbol) [0x00007FF799A5D062]
	(No symbol) [0x00007FF799A4D3A3]
	BaseThreadInitThunk [0x00007FFFAEE1257D+29]
	RtlUserThreadStart [0x00007FFFAFFCAF28+40]

	at org.openqa.selenium.remote.W3CHandshakeResponse.lambda$errorHandler$0(W3CHandshakeResponse.java:62)
	at org.openqa.selenium.remote.HandshakeResponse.lambda$getResponseFunction$0(HandshakeResponse.java:30)
	at org.openqa.selenium.remote.ProtocolHandshake.lambda$createSession$0(ProtocolHandshake.java:126)
	at java.base/java.util.stream.ReferencePipeline$3$1.accept(ReferencePipeline.java:195)
	at java.base/java.util.Spliterators$ArraySpliterator.tryAdvance(Spliterators.java:958)
	at java.base/java.util.stream.ReferencePipeline.forEachWithCancel(ReferencePipeline.java:127)
	at java.base/java.util.stream.AbstractPipeline.copyIntoWithCancel(AbstractPipeline.java:502)
	at java.base/java.util.stream.AbstractPipeline.copyInto(AbstractPipeline.java:488)
	at java.base/java.util.stream.AbstractPipeline.wrapAndCopyInto(AbstractPipeline.java:474)
	at java.base/java.util.stream.FindOps$FindOp.evaluateSequential(FindOps.java:150)
	at java.base/java.util.stream.AbstractPipeline.evaluate(AbstractPipeline.java:234)
	at java.base/java.util.stream.ReferencePipeline.findFirst(ReferencePipeline.java:543)
	at org.openqa.selenium.remote.ProtocolHandshake.createSession(ProtocolHandshake.java:128)
	at org.openqa.selenium.remote.ProtocolHandshake.createSession(ProtocolHandshake.java:74)
	at org.openqa.selenium.remote.HttpCommandExecutor.execute(HttpCommandExecutor.java:136)
	at org.openqa.selenium.remote.service.DriverCommandExecutor.execute(DriverCommandExecutor.java:83)
	at org.openqa.selenium.remote.RemoteWebDriver.execute(RemoteWebDriver.java:552)
	at org.openqa.selenium.remote.RemoteWebDriver.startSession(RemoteWebDriver.java:213)
	at org.openqa.selenium.remote.RemoteWebDriver.&lt;init&gt;(RemoteWebDriver.java:131)
	at org.openqa.selenium.chrome.ChromeDriver.&lt;init&gt;(ChromeDriver.java:181)
	at org.openqa.selenium.chrome.ChromeDriver.&lt;init&gt;(ChromeDriver.java:168)
	at org.openqa.selenium.chrome.ChromeDriver.&lt;init&gt;(ChromeDriver.java:123)
	at stepdefinations.OrangeHRM.i_open_browser_with_url(OrangeHRM.java:24)
	at âœ½.i open browser with url &quot;http://orangehrm.qedgetech.com&quot;(file:///C:/Users/DELL/eclipse-workspace/OrangeHRM_Cucumber/featurefiles/employee.feature:8)
... Removed 4 stack frames</div></td></tr></table><p class="totop"><a href="#summary">back to summary</a></p>
<h3 id="m1">testrunners.EmployeeRegTest#runScenario</h3><table class="result"><tr class="param"><th>Parameter #1</th><th>Parameter #2</th></tr><tr class="param stripe"><td>&quot;New Employee Registration with VALID INPUTS&quot;</td><td>&quot;NEW EMPLOYEE REGISTRATION&quot;</td></tr><tr><th colspan="2">Exception</th></tr><tr><td colspan="2"><div class="stacktrace">org.openqa.selenium.SessionNotCreatedException: session not created: This version of ChromeDriver only supports Chrome version 119
Current browser version is 126.0.6478.127 with binary path C:\Program Files\Google\Chrome\Application\chrome.exe
Build info: version: &apos;3.141.59&apos;, revision: &apos;e82be7d358&apos;, time: &apos;2018-11-14T08:17:03&apos;
System info: host: &apos;MRBIJAYKUMAR&apos;, ip: &apos;192.168.1.44&apos;, os.name: &apos;Windows 10&apos;, os.arch: &apos;amd64&apos;, os.version: &apos;10.0&apos;, java.version: &apos;11.0.9&apos;
Driver info: driver.version: ChromeDriver
remote stacktrace: 	GetHandleVerifier [0x00007FF799AE82B2+55298]
	(No symbol) [0x00007FF799A55E02]
	(No symbol) [0x00007FF7999105AB]
	(No symbol) [0x00007FF799943E72]
	(No symbol) [0x00007FF7999432FE]
	(No symbol) [0x00007FF79993EC6C]
	(No symbol) [0x00007FF79993B30E]
	(No symbol) [0x00007FF79997A198]
	(No symbol) [0x00007FF799979CB0]
	(No symbol) [0x00007FF799971E83]
	(No symbol) [0x00007FF79994670A]
	(No symbol) [0x00007FF799947964]
	GetHandleVerifier [0x00007FF799E60AAB+3694587]
	GetHandleVerifier [0x00007FF799EB728E+4048862]
	GetHandleVerifier [0x00007FF799EAF173+4015811]
	GetHandleVerifier [0x00007FF799B847D6+695590]
	(No symbol) [0x00007FF799A60CE8]
	(No symbol) [0x00007FF799A5CF34]
	(No symbol) [0x00007FF799A5D062]
	(No symbol) [0x00007FF799A4D3A3]
	BaseThreadInitThunk [0x00007FFFAEE1257D+29]
	RtlUserThreadStart [0x00007FFFAFFCAF28+40]

	at org.openqa.selenium.remote.W3CHandshakeResponse.lambda$errorHandler$0(W3CHandshakeResponse.java:62)
	at org.openqa.selenium.remote.HandshakeResponse.lambda$getResponseFunction$0(HandshakeResponse.java:30)
	at org.openqa.selenium.remote.ProtocolHandshake.lambda$createSession$0(ProtocolHandshake.java:126)
	at java.base/java.util.stream.ReferencePipeline$3$1.accept(ReferencePipeline.java:195)
	at java.base/java.util.Spliterators$ArraySpliterator.tryAdvance(Spliterators.java:958)
	at java.base/java.util.stream.ReferencePipeline.forEachWithCancel(ReferencePipeline.java:127)
	at java.base/java.util.stream.AbstractPipeline.copyIntoWithCancel(AbstractPipeline.java:502)
	at java.base/java.util.stream.AbstractPipeline.copyInto(AbstractPipeline.java:488)
	at java.base/java.util.stream.AbstractPipeline.wrapAndCopyInto(AbstractPipeline.java:474)
	at java.base/java.util.stream.FindOps$FindOp.evaluateSequential(FindOps.java:150)
	at java.base/java.util.stream.AbstractPipeline.evaluate(AbstractPipeline.java:234)
	at java.base/java.util.stream.ReferencePipeline.findFirst(ReferencePipeline.java:543)
	at org.openqa.selenium.remote.ProtocolHandshake.createSession(ProtocolHandshake.java:128)
	at org.openqa.selenium.remote.ProtocolHandshake.createSession(ProtocolHandshake.java:74)
	at org.openqa.selenium.remote.HttpCommandExecutor.execute(HttpCommandExecutor.java:136)
	at org.openqa.selenium.remote.service.DriverCommandExecutor.execute(DriverCommandExecutor.java:83)
	at org.openqa.selenium.remote.RemoteWebDriver.execute(RemoteWebDriver.java:552)
	at org.openqa.selenium.remote.RemoteWebDriver.startSession(RemoteWebDriver.java:213)
	at org.openqa.selenium.remote.RemoteWebDriver.&lt;init&gt;(RemoteWebDriver.java:131)
	at org.openqa.selenium.chrome.ChromeDriver.&lt;init&gt;(ChromeDriver.java:181)
	at org.openqa.selenium.chrome.ChromeDriver.&lt;init&gt;(ChromeDriver.java:168)
	at org.openqa.selenium.chrome.ChromeDriver.&lt;init&gt;(ChromeDriver.java:123)
	at stepdefinations.OrangeHRM.i_open_browser_with_url(OrangeHRM.java:24)
	at âœ½.i open browser with url &quot;http://orangehrm.qedgetech.com&quot;(file:///C:/Users/DELL/eclipse-workspace/OrangeHRM_Cucumber/featurefiles/employee.feature:8)
... Removed 4 stack frames</div></td></tr></table><p class="totop"><a href="#summary">back to summary</a></p>
</body>
</html>
